<?xml version="1.0" encoding="UTF-8"?>
<!-- Generated by org.testng.reporters.JUnitXMLReporter -->
<testsuite ignored="0" hostname="DESKTOP-EGGGCKN" failures="0" tests="4" name="CRUDTests" time="5.861" errors="0" timestamp="2026-05-25T17:57:21 IST">
  <testcase classname="Rest.AddUserTest" name="addUser" time="4.169"/>
  <testcase classname="Rest.GetUsersTest" name="getUsers" time="0.548"/>
  <testcase classname="Rest.UpdateUserTest" name="updateUser" time="0.542"/>
  <testcase classname="Rest.DeleteUserTest" name="deleteUser" time="0.517"/>
</testsuite> <!-- CRUDTests -->
