<?xml version="1.0" encoding="UTF-8"?>
<!-- Generated by org.testng.reporters.JUnitReportReporter -->
<testsuite hostname="DESKTOP-EGGGCKN" failures="0" tests="5" name="day23.SauceDemoCheckout" time="17.446" errors="0" timestamp="2026-05-19T17:41:00 IST" skipped="0">
  <testcase classname="day23.SauceDemoCheckout" name="verifyLoginPageTitle" time="0.029"/>
  <testcase classname="day23.SauceDemoCheckout" name="loginTest" time="3.536"/>
  <testcase classname="day23.SauceDemoCheckout" name="addProductToCart" time="2.102"/>
  <testcase classname="day23.SauceDemoCheckout" name="openCart" time="2.088"/>
  <testcase classname="day23.SauceDemoCheckout" name="checkoutProcess" time="9.691"/>
</testsuite> <!-- day23.SauceDemoCheckout -->
