<?xml version="1.0" encoding="UTF-8"?>
<!-- Generated by org.testng.reporters.JUnitXMLReporter -->
<testsuite ignored="0" hostname="DESKTOP-EGGGCKN" failures="1" tests="1" name="ChromeTest" time="0.1" errors="0" timestamp="2026-05-23T13:29:33 IST">
  <testcase classname="demo.CrossBrowserTest" name="browserTest" time="0.022">
    <failure type="java.lang.Error" message="Unresolved compilation problems: 
	WebDriverManager cannot be resolved
	WebDriverManager cannot be resolved
">
      <![CDATA[java.lang.Error: Unresolved compilation problems: 
WebDriverManager cannot be resolved
WebDriverManager cannot be resolved

at demo.CrossBrowserTest.browserTest(CrossBrowserTest.java:32)
at java.base/java.util.ArrayList.forEach(ArrayList.java:1596)
... Removed 25 stack frames]]>
    </failure>
  </testcase> <!-- browserTest -->
</testsuite> <!-- ChromeTest -->
