<?xml version="1.0" encoding="UTF-8"?>
<testng-results ignored="0" total="1" passed="1" failed="0" skipped="0">
  <reporter-output>
  </reporter-output>
  <suite started-at="2026-05-20T10:50:52 IST" name="Default suite" finished-at="2026-05-20T10:51:16 IST" duration-ms="24130">
    <groups>
    </groups>
    <test started-at="2026-05-20T10:50:52 IST" name="Default test" finished-at="2026-05-20T10:51:16 IST" duration-ms="24130">
      <class name="day23.SauceDemoCheckout">
        <test-method is-config="true" signature="setup()[pri:0, instance:day23.SauceDemoCheckout@62ddbd7e]" started-at="2026-05-20T10:50:52 IST" name="setup" finished-at="2026-05-20T10:50:55 IST" duration-ms="3855" status="PASS">
          <reporter-output>
          </reporter-output>
        </test-method> <!-- setup -->
        <test-method signature="checkoutTest()[pri:0, instance:day23.SauceDemoCheckout@62ddbd7e]" started-at="2026-05-20T10:50:55 IST" name="checkoutTest" finished-at="2026-05-20T10:51:15 IST" duration-ms="19707" status="PASS">
          <reporter-output>
          </reporter-output>
        </test-method> <!-- checkoutTest -->
        <test-method is-config="true" signature="closeBrowser()[pri:0, instance:day23.SauceDemoCheckout@62ddbd7e]" started-at="2026-05-20T10:51:15 IST" name="closeBrowser" finished-at="2026-05-20T10:51:16 IST" duration-ms="520" status="PASS">
          <reporter-output>
          </reporter-output>
        </test-method> <!-- closeBrowser -->
      </class> <!-- day23.SauceDemoCheckout -->
    </test> <!-- Default test -->
  </suite> <!-- Default suite -->
</testng-results>
