<?xml version="1.0" encoding="UTF-8"?>
<testng-results ignored="0" total="1" passed="1" failed="0" skipped="0">
  <reporter-output>
  </reporter-output>
  <suite started-at="2026-05-19T17:58:26 IST" name="Default suite" finished-at="2026-05-19T17:58:44 IST" duration-ms="18126">
    <groups>
    </groups>
    <test started-at="2026-05-19T17:58:26 IST" name="Default test" finished-at="2026-05-19T17:58:44 IST" duration-ms="18126">
      <class name="flightbooking.FlightBookingTest">
        <test-method is-config="true" signature="setup()[pri:0, instance:flightbooking.FlightBookingTest@5542c4ed]" started-at="2026-05-19T17:58:26 IST" name="setup" finished-at="2026-05-19T17:58:30 IST" duration-ms="4312" status="PASS">
          <reporter-output>
          </reporter-output>
        </test-method> <!-- setup -->
        <test-method signature="bookTicket()[pri:0, instance:flightbooking.FlightBookingTest@5542c4ed]" started-at="2026-05-19T17:58:30 IST" name="bookTicket" finished-at="2026-05-19T17:58:44 IST" duration-ms="13357" status="PASS">
          <reporter-output>
          </reporter-output>
        </test-method> <!-- bookTicket -->
        <test-method is-config="true" signature="closeBrowser()[pri:0, instance:flightbooking.FlightBookingTest@5542c4ed]" started-at="2026-05-19T17:58:44 IST" name="closeBrowser" finished-at="2026-05-19T17:58:44 IST" duration-ms="392" status="PASS">
          <reporter-output>
          </reporter-output>
        </test-method> <!-- closeBrowser -->
      </class> <!-- flightbooking.FlightBookingTest -->
    </test> <!-- Default test -->
  </suite> <!-- Default suite -->
</testng-results>
