<?xml version="1.0" encoding="UTF-8"?>
<!-- Generated by org.testng.reporters.JUnitXMLReporter -->
<testsuite ignored="0" hostname="DESKTOP-EGGGCKN" failures="1" tests="1" name="Default test" time="0.083" errors="0" timestamp="2026-05-22T17:13:07 IST">
  <testcase classname="demo.ExtentReportsDemo" name="f" time="0.016">
    <failure type="java.lang.Error" message="Unresolved compilation problems: 
	ExtentReports cannot be resolved to a type
	ExtentReports cannot be resolved to a type
	ExtentTest cannot be resolved to a type
	driverPath cannot be resolved to a variable
	LogStatus cannot be resolved to a variable
	LogStatus cannot be resolved to a variable
	LogStatus cannot be resolved to a variable
	LogStatus cannot be resolved to a variable
	LogStatus cannot be resolved to a variable
	LogStatus cannot be resolved to a variable
	LogStatus cannot be resolved to a variable
	LogStatus cannot be resolved to a variable
">
      <![CDATA[java.lang.Error: Unresolved compilation problems: 
ExtentReports cannot be resolved to a type
ExtentReports cannot be resolved to a type
ExtentTest cannot be resolved to a type
driverPath cannot be resolved to a variable
LogStatus cannot be resolved to a variable
LogStatus cannot be resolved to a variable
LogStatus cannot be resolved to a variable
LogStatus cannot be resolved to a variable
LogStatus cannot be resolved to a variable
LogStatus cannot be resolved to a variable
LogStatus cannot be resolved to a variable
LogStatus cannot be resolved to a variable

at demo.ExtentReportsDemo.f(ExtentReportsDemo.java:39)
at java.base/jdk.internal.reflect.DirectMethodHandleAccessor.invoke(DirectMethodHandleAccessor.java:103)
at java.base/java.lang.reflect.Method.invoke(Method.java:580)
at org.testng.internal.invokers.MethodInvocationHelper.invokeMethod(MethodInvocationHelper.java:141)
at org.testng.internal.invokers.TestInvoker.invokeMethod(TestInvoker.java:687)
at org.testng.internal.invokers.TestInvoker.invokeTestMethod(TestInvoker.java:230)
at org.testng.internal.invokers.MethodRunner.runInSequence(MethodRunner.java:63)
at org.testng.internal.invokers.TestInvoker$MethodInvocationAgent.invoke(TestInvoker.java:995)
at org.testng.internal.invokers.TestInvoker.invokeTestMethods(TestInvoker.java:203)
at org.testng.internal.invokers.TestMethodWorker.invokeTestMethods(TestMethodWorker.java:154)
at org.testng.internal.invokers.TestMethodWorker.run(TestMethodWorker.java:134)
at java.base/java.util.ArrayList.forEach(ArrayList.java:1596)
at org.testng.TestRunner.privateRun(TestRunner.java:741)
at org.testng.TestRunner.run(TestRunner.java:616)
at org.testng.SuiteRunner.runTest(SuiteRunner.java:421)
at org.testng.SuiteRunner.runSequentially(SuiteRunner.java:413)
at org.testng.SuiteRunner.privateRun(SuiteRunner.java:373)
at org.testng.SuiteRunner.run(SuiteRunner.java:312)
at org.testng.SuiteRunnerWorker.runSuite(SuiteRunnerWorker.java:52)
at org.testng.SuiteRunnerWorker.run(SuiteRunnerWorker.java:95)
at org.testng.TestNG.runSuitesSequentially(TestNG.java:1274)
at org.testng.TestNG.runSuitesLocally(TestNG.java:1208)
at org.testng.TestNG.runSuites(TestNG.java:1112)
at org.testng.TestNG.run(TestNG.java:1079)
at org.testng.remote.AbstractRemoteTestNG.run(AbstractRemoteTestNG.java:115)
at org.testng.remote.RemoteTestNG.initAndRun(RemoteTestNG.java:293)
at org.testng.remote.RemoteTestNG.main(RemoteTestNG.java:91)
]]>
    </failure>
  </testcase> <!-- f -->
</testsuite> <!-- Default test -->
