<?xml version="1.0" encoding="UTF-8"?>
<testng-results ignored="0" total="5" passed="5" failed="0" skipped="0">
  <reporter-output>
  </reporter-output>
  <suite started-at="2026-05-19T17:40:38 IST" name="Default suite" finished-at="2026-05-19T17:41:00 IST" duration-ms="21144">
    <groups>
    </groups>
    <test started-at="2026-05-19T17:40:38 IST" name="Default test" finished-at="2026-05-19T17:41:00 IST" duration-ms="21144">
      <class name="day23.SauceDemoCheckout">
        <test-method is-config="true" signature="setup()[pri:0, instance:day23.SauceDemoCheckout@44c03695]" started-at="2026-05-19T17:40:38 IST" name="setup" finished-at="2026-05-19T17:40:42 IST" duration-ms="3319" status="PASS">
          <reporter-output>
          </reporter-output>
        </test-method> <!-- setup -->
        <test-method signature="verifyLoginPageTitle()[pri:1, instance:day23.SauceDemoCheckout@44c03695]" started-at="2026-05-19T17:40:42 IST" name="verifyLoginPageTitle" finished-at="2026-05-19T17:40:42 IST" duration-ms="29" status="PASS">
          <reporter-output>
          </reporter-output>
        </test-method> <!-- verifyLoginPageTitle -->
        <test-method signature="loginTest()[pri:2, instance:day23.SauceDemoCheckout@44c03695]" started-at="2026-05-19T17:40:42 IST" name="loginTest" finished-at="2026-05-19T17:40:45 IST" duration-ms="3536" status="PASS">
          <reporter-output>
          </reporter-output>
        </test-method> <!-- loginTest -->
        <test-method signature="addProductToCart()[pri:3, instance:day23.SauceDemoCheckout@44c03695]" started-at="2026-05-19T17:40:45 IST" name="addProductToCart" finished-at="2026-05-19T17:40:47 IST" duration-ms="2102" status="PASS">
          <reporter-output>
          </reporter-output>
        </test-method> <!-- addProductToCart -->
        <test-method signature="openCart()[pri:4, instance:day23.SauceDemoCheckout@44c03695]" started-at="2026-05-19T17:40:47 IST" name="openCart" finished-at="2026-05-19T17:40:50 IST" duration-ms="2088" status="PASS">
          <reporter-output>
          </reporter-output>
        </test-method> <!-- openCart -->
        <test-method signature="checkoutProcess()[pri:5, instance:day23.SauceDemoCheckout@44c03695]" started-at="2026-05-19T17:40:50 IST" name="checkoutProcess" finished-at="2026-05-19T17:40:59 IST" duration-ms="9691" status="PASS">
          <reporter-output>
          </reporter-output>
        </test-method> <!-- checkoutProcess -->
        <test-method is-config="true" signature="closeBrowser()[pri:0, instance:day23.SauceDemoCheckout@44c03695]" started-at="2026-05-19T17:40:59 IST" name="closeBrowser" finished-at="2026-05-19T17:41:00 IST" duration-ms="307" status="PASS">
          <reporter-output>
          </reporter-output>
        </test-method> <!-- closeBrowser -->
      </class> <!-- day23.SauceDemoCheckout -->
    </test> <!-- Default test -->
  </suite> <!-- Default suite -->
</testng-results>
