<?xml version="1.0" encoding="UTF-8"?>
<testng-results ignored="0" total="2" passed="2" failed="0" skipped="0">
  <reporter-output>
  </reporter-output>
  <suite started-at="2026-05-19T18:00:58 IST" name="Default suite" finished-at="2026-05-19T18:01:24 IST" duration-ms="26266">
    <groups>
    </groups>
    <test started-at="2026-05-19T18:00:58 IST" name="Default test" finished-at="2026-05-19T18:01:24 IST" duration-ms="26266">
      <class name="EmployeeDetails.EmployeeDataAutomation">
        <test-method is-config="true" signature="setup()[pri:0, instance:EmployeeDetails.EmployeeDataAutomation@5542c4ed]" started-at="2026-05-19T18:00:58 IST" name="setup" finished-at="2026-05-19T18:01:01 IST" duration-ms="3320" status="PASS">
          <reporter-output>
          </reporter-output>
        </test-method> <!-- setup -->
        <test-method signature="loginTest()[pri:1, instance:EmployeeDetails.EmployeeDataAutomation@5542c4ed]" started-at="2026-05-19T18:01:02 IST" name="loginTest" finished-at="2026-05-19T18:01:09 IST" duration-ms="7683" status="PASS">
          <reporter-output>
          </reporter-output>
        </test-method> <!-- loginTest -->
        <test-method signature="addEmployee()[pri:2, instance:EmployeeDetails.EmployeeDataAutomation@5542c4ed]" started-at="2026-05-19T18:01:09 IST" name="addEmployee" finished-at="2026-05-19T18:01:24 IST" duration-ms="14929" status="PASS">
          <reporter-output>
          </reporter-output>
        </test-method> <!-- addEmployee -->
        <test-method is-config="true" signature="closeBrowser()[pri:0, instance:EmployeeDetails.EmployeeDataAutomation@5542c4ed]" started-at="2026-05-19T18:01:24 IST" name="closeBrowser" finished-at="2026-05-19T18:01:24 IST" duration-ms="243" status="PASS">
          <reporter-output>
          </reporter-output>
        </test-method> <!-- closeBrowser -->
      </class> <!-- EmployeeDetails.EmployeeDataAutomation -->
    </test> <!-- Default test -->
  </suite> <!-- Default suite -->
</testng-results>
