<?xml version="1.0" encoding="UTF-8"?>
<!-- Generated by org.testng.reporters.JUnitXMLReporter -->
<testsuite ignored="2" hostname="DESKTOP-EGGGCKN" failures="0" tests="2" name="RegressionTests" time="0.194" errors="0" timestamp="2026-05-23T10:29:30 IST">
  <testcase classname="demo.GroupDemo" name="addToCartTest" time="0.027"/>
  <testcase classname="demo.GroupDemo" name="paymentTest" time="0.004"/>
  <testcase classname="demo.GroupDemo" name="searchTest" time="0.0">
    <ignored/>
  </testcase> <!-- searchTest -->
  <testcase classname="demo.GroupDemo" name="loginTest" time="0.0">
    <ignored/>
  </testcase> <!-- loginTest -->
</testsuite> <!-- RegressionTests -->
