<?xml version="1.0" encoding="UTF-8"?>
<testng-results ignored="0" total="4" passed="4" failed="0" skipped="0">
  <reporter-output>
  </reporter-output>
  <suite started-at="2026-05-19T17:41:18 IST" name="Default suite" finished-at="2026-05-19T17:41:40 IST" duration-ms="22078">
    <groups>
    </groups>
    <test started-at="2026-05-19T17:41:18 IST" name="Default test" finished-at="2026-05-19T17:41:40 IST" duration-ms="22078">
      <class name="day23.ParaBankTest">
        <test-method is-config="true" signature="setup()[pri:0, instance:day23.ParaBankTest@6150c3ec]" started-at="2026-05-19T17:41:18 IST" name="setup" finished-at="2026-05-19T17:41:25 IST" duration-ms="6631" status="PASS">
          <reporter-output>
          </reporter-output>
        </test-method> <!-- setup -->
        <test-method signature="verifyTitle()[pri:1, instance:day23.ParaBankTest@6150c3ec]" started-at="2026-05-19T17:41:25 IST" name="verifyTitle" finished-at="2026-05-19T17:41:25 IST" duration-ms="20" status="PASS">
          <reporter-output>
          </reporter-output>
        </test-method> <!-- verifyTitle -->
        <test-method signature="loginTest()[pri:2, instance:day23.ParaBankTest@6150c3ec]" started-at="2026-05-19T17:41:25 IST" name="loginTest" finished-at="2026-05-19T17:41:31 IST" duration-ms="5777" status="PASS">
          <reporter-output>
          </reporter-output>
        </test-method> <!-- loginTest -->
        <test-method signature="openAccountOverview()[pri:3, instance:day23.ParaBankTest@6150c3ec]" started-at="2026-05-19T17:41:31 IST" name="openAccountOverview" finished-at="2026-05-19T17:41:34 IST" duration-ms="3461" status="PASS">
          <reporter-output>
          </reporter-output>
        </test-method> <!-- openAccountOverview -->
        <test-method signature="transferFunds()[pri:4, instance:day23.ParaBankTest@6150c3ec]" started-at="2026-05-19T17:41:34 IST" name="transferFunds" finished-at="2026-05-19T17:41:40 IST" duration-ms="5892" status="PASS">
          <reporter-output>
          </reporter-output>
        </test-method> <!-- transferFunds -->
        <test-method is-config="true" signature="closeBrowser()[pri:0, instance:day23.ParaBankTest@6150c3ec]" started-at="2026-05-19T17:41:40 IST" name="closeBrowser" finished-at="2026-05-19T17:41:40 IST" duration-ms="234" status="PASS">
          <reporter-output>
          </reporter-output>
        </test-method> <!-- closeBrowser -->
      </class> <!-- day23.ParaBankTest -->
    </test> <!-- Default test -->
  </suite> <!-- Default suite -->
</testng-results>
