<?xml version="1.0" encoding="UTF-8"?>
<testng-results ignored="0" total="2" passed="2" failed="0" skipped="0">
  <reporter-output>
  </reporter-output>
  <suite started-at="2026-05-23T18:05:45 IST" name="ParallelGridSuite" finished-at="2026-05-23T18:06:00 IST" duration-ms="14529">
    <groups>
    </groups>
    <test started-at="2026-05-23T18:05:45 IST" name="EdgeTest" finished-at="2026-05-23T18:05:59 IST" duration-ms="13632">
      <class name="demo.ParallelGridDemo">
        <test-method signature="gridTest(java.lang.String)[pri:0, instance:demo.ParallelGridDemo@623a8092]" started-at="2026-05-23T18:05:45 IST" name="gridTest" finished-at="2026-05-23T18:05:59 IST" duration-ms="13563" status="PASS">
          <params>
            <param index="0">
              <value>
                <![CDATA[edge]]>
              </value>
            </param>
          </params>
          <reporter-output>
          </reporter-output>
        </test-method> <!-- gridTest -->
      </class> <!-- demo.ParallelGridDemo -->
    </test> <!-- EdgeTest -->
    <test started-at="2026-05-23T18:05:45 IST" name="ChromeTest" finished-at="2026-05-23T18:06:00 IST" duration-ms="14529">
      <class name="demo.ParallelGridDemo">
        <test-method signature="gridTest(java.lang.String)[pri:0, instance:demo.ParallelGridDemo@d35dea7]" started-at="2026-05-23T18:05:45 IST" name="gridTest" finished-at="2026-05-23T18:06:00 IST" duration-ms="14466" status="PASS">
          <params>
            <param index="0">
              <value>
                <![CDATA[chrome]]>
              </value>
            </param>
          </params>
          <reporter-output>
          </reporter-output>
        </test-method> <!-- gridTest -->
      </class> <!-- demo.ParallelGridDemo -->
    </test> <!-- ChromeTest -->
  </suite> <!-- ParallelGridSuite -->
</testng-results>
