<?xml version="1.0" encoding="UTF-8"?>
<!-- Generated by org.testng.reporters.JUnitReportReporter -->
<testsuite hostname="DESKTOP-EGGGCKN" failures="0" tests="2" name="EmployeeDetails.EmployeeDataAutomation" time="22.612" errors="0" timestamp="2026-05-19T18:01:25 IST" skipped="0">
  <testcase classname="EmployeeDetails.EmployeeDataAutomation" name="loginTest" time="7.683"/>
  <testcase classname="EmployeeDetails.EmployeeDataAutomation" name="addEmployee" time="14.929"/>
</testsuite> <!-- EmployeeDetails.EmployeeDataAutomation -->
