<?xml version="1.0" encoding="UTF-8"?>
<!-- Generated by org.testng.reporters.JUnitReportReporter -->
<testsuite hostname="DESKTOP-EGGGCKN" failures="0" tests="4" name="day23.ParaBankTest" time="15.150" errors="0" timestamp="2026-05-19T17:41:40 IST" skipped="0">
  <testcase classname="day23.ParaBankTest" name="verifyTitle" time="0.020"/>
  <testcase classname="day23.ParaBankTest" name="loginTest" time="5.777"/>
  <testcase classname="day23.ParaBankTest" name="openAccountOverview" time="3.461"/>
  <testcase classname="day23.ParaBankTest" name="transferFunds" time="5.892"/>
</testsuite> <!-- day23.ParaBankTest -->
